{"/Users/keegannunes/Documents/express-jobly/config.js": {"path":"/Users/keegannunes/Documents/express-jobly/config.js","statementMap":{"0":{"start":{"line":5,"column":0},"end":{"line":5,"column":27}},"1":{"start":{"line":6,"column":0},"end":{"line":6,"column":18}},"2":{"start":{"line":8,"column":19},"end":{"line":8,"column":57}},"3":{"start":{"line":10,"column":13},"end":{"line":10,"column":38}},"4":{"start":{"line":14,"column":2},"end":{"line":16,"column":58}},"5":{"start":{"line":27,"column":27},"end":{"line":27,"column":67}},"6":{"start":{"line":29,"column":0},"end":{"line":29,"column":35}},"7":{"start":{"line":30,"column":0},"end":{"line":30,"column":46}},"8":{"start":{"line":31,"column":0},"end":{"line":31,"column":45}},"9":{"start":{"line":32,"column":0},"end":{"line":32,"column":61}},"10":{"start":{"line":33,"column":0},"end":{"line":33,"column":50}},"11":{"start":{"line":34,"column":0},"end":{"line":34,"column":19}},"12":{"start":{"line":36,"column":0},"end":{"line":41,"column":2}}},"fnMap":{"0":{"name":"getDatabaseUri","decl":{"start":{"line":13,"column":9},"end":{"line":13,"column":23}},"loc":{"start":{"line":13,"column":26},"end":{"line":17,"column":1}},"line":13}},"branchMap":{"0":{"loc":{"start":{"line":8,"column":19},"end":{"line":8,"column":57}},"type":"binary-expr","locations":[{"start":{"line":8,"column":19},"end":{"line":8,"column":41}},{"start":{"line":8,"column":45},"end":{"line":8,"column":57}}],"line":8},"1":{"loc":{"start":{"line":10,"column":13},"end":{"line":10,"column":38}},"type":"binary-expr","locations":[{"start":{"line":10,"column":13},"end":{"line":10,"column":30}},{"start":{"line":10,"column":34},"end":{"line":10,"column":38}}],"line":10},"2":{"loc":{"start":{"line":14,"column":9},"end":{"line":16,"column":57}},"type":"cond-expr","locations":[{"start":{"line":15,"column":8},"end":{"line":15,"column":34}},{"start":{"line":16,"column":8},"end":{"line":16,"column":57}}],"line":14},"3":{"loc":{"start":{"line":16,"column":8},"end":{"line":16,"column":57}},"type":"binary-expr","locations":[{"start":{"line":16,"column":8},"end":{"line":16,"column":32}},{"start":{"line":16,"column":36},"end":{"line":16,"column":57}}],"line":16},"4":{"loc":{"start":{"line":27,"column":27},"end":{"line":27,"column":67}},"type":"cond-expr","locations":[{"start":{"line":27,"column":61},"end":{"line":27,"column":62}},{"start":{"line":27,"column":65},"end":{"line":27,"column":67}}],"line":27}},"s":{"0":6,"1":6,"2":6,"3":6,"4":11,"5":6,"6":6,"7":6,"8":6,"9":6,"10":6,"11":6,"12":6},"f":{"0":11},"b":{"0":[6,5],"1":[6,5],"2":[8,3],"3":[3,1],"4":[5,1]},"_coverageSchema":"1a1c01bbd47fc00a2c39e90264f33305004495a9","hash":"554332c52c16299285db2d88d870e1cf2a613d03"}
,"/Users/keegannunes/Documents/express-jobly/db.js": {"path":"/Users/keegannunes/Documents/express-jobly/db.js","statementMap":{"0":{"start":{"line":3,"column":19},"end":{"line":3,"column":32}},"1":{"start":{"line":4,"column":27},"end":{"line":4,"column":46}},"2":{"start":{"line":8,"column":0},"end":{"line":19,"column":1}},"3":{"start":{"line":9,"column":2},"end":{"line":14,"column":5}},"4":{"start":{"line":16,"column":2},"end":{"line":18,"column":5}},"5":{"start":{"line":21,"column":0},"end":{"line":21,"column":13}},"6":{"start":{"line":23,"column":0},"end":{"line":23,"column":20}}},"fnMap":{},"branchMap":{"0":{"loc":{"start":{"line":8,"column":0},"end":{"line":19,"column":1}},"type":"if","locations":[{"start":{"line":8,"column":0},"end":{"line":19,"column":1}},{"start":{"line":15,"column":7},"end":{"line":19,"column":1}}],"line":8}},"s":{"0":3,"1":3,"2":3,"3":0,"4":3,"5":3,"6":3},"f":{},"b":{"0":[0,3]},"_coverageSchema":"1a1c01bbd47fc00a2c39e90264f33305004495a9","hash":"63a765fb9d9b4c41a492f8e1101d60a16bb4d6cf"}
,"/Users/keegannunes/Documents/express-jobly/expressError.js": {"path":"/Users/keegannunes/Documents/express-jobly/expressError.js","statementMap":{"0":{"start":{"line":9,"column":4},"end":{"line":9,"column":12}},"1":{"start":{"line":10,"column":4},"end":{"line":10,"column":27}},"2":{"start":{"line":11,"column":4},"end":{"line":11,"column":25}},"3":{"start":{"line":19,"column":4},"end":{"line":19,"column":24}},"4":{"start":{"line":27,"column":4},"end":{"line":27,"column":24}},"5":{"start":{"line":35,"column":4},"end":{"line":35,"column":24}},"6":{"start":{"line":43,"column":4},"end":{"line":43,"column":24}},"7":{"start":{"line":47,"column":0},"end":{"line":53,"column":2}}},"fnMap":{"0":{"name":"(anonymous_0)","decl":{"start":{"line":8,"column":2},"end":{"line":8,"column":3}},"loc":{"start":{"line":8,"column":31},"end":{"line":12,"column":3}},"line":8},"1":{"name":"(anonymous_1)","decl":{"start":{"line":18,"column":2},"end":{"line":18,"column":3}},"loc":{"start":{"line":18,"column":37},"end":{"line":20,"column":3}},"line":18},"2":{"name":"(anonymous_2)","decl":{"start":{"line":26,"column":2},"end":{"line":26,"column":3}},"loc":{"start":{"line":26,"column":40},"end":{"line":28,"column":3}},"line":26},"3":{"name":"(anonymous_3)","decl":{"start":{"line":34,"column":2},"end":{"line":34,"column":3}},"loc":{"start":{"line":34,"column":39},"end":{"line":36,"column":3}},"line":34},"4":{"name":"(anonymous_4)","decl":{"start":{"line":42,"column":2},"end":{"line":42,"column":3}},"loc":{"start":{"line":42,"column":39},"end":{"line":44,"column":3}},"line":42}},"branchMap":{"0":{"loc":{"start":{"line":18,"column":14},"end":{"line":18,"column":35}},"type":"default-arg","locations":[{"start":{"line":18,"column":24},"end":{"line":18,"column":35}}],"line":18},"1":{"loc":{"start":{"line":26,"column":14},"end":{"line":26,"column":38}},"type":"default-arg","locations":[{"start":{"line":26,"column":24},"end":{"line":26,"column":38}}],"line":26},"2":{"loc":{"start":{"line":34,"column":14},"end":{"line":34,"column":37}},"type":"default-arg","locations":[{"start":{"line":34,"column":24},"end":{"line":34,"column":37}}],"line":34},"3":{"loc":{"start":{"line":42,"column":14},"end":{"line":42,"column":37}},"type":"default-arg","locations":[{"start":{"line":42,"column":24},"end":{"line":42,"column":37}}],"line":42}},"s":{"0":17,"1":17,"2":17,"3":9,"4":3,"5":5,"6":0,"7":5},"f":{"0":17,"1":9,"2":3,"3":5,"4":0},"b":{"0":[0],"1":[1],"2":[0],"3":[0]},"_coverageSchema":"1a1c01bbd47fc00a2c39e90264f33305004495a9","hash":"f5d54bcd7bc0afae68ca3653d75d139da7b4e6f1"}
,"/Users/keegannunes/Documents/express-jobly/helpers/sql.js": {"path":"/Users/keegannunes/Documents/express-jobly/helpers/sql.js","statementMap":{"0":{"start":{"line":1,"column":28},"end":{"line":1,"column":54}},"1":{"start":{"line":19,"column":15},"end":{"line":19,"column":40}},"2":{"start":{"line":20,"column":2},"end":{"line":20,"column":62}},"3":{"start":{"line":20,"column":25},"end":{"line":20,"column":62}},"4":{"start":{"line":23,"column":15},"end":{"line":25,"column":3}},"5":{"start":{"line":24,"column":6},"end":{"line":24,"column":52}},"6":{"start":{"line":27,"column":2},"end":{"line":30,"column":4}},"7":{"start":{"line":33,"column":0},"end":{"line":33,"column":41}}},"fnMap":{"0":{"name":"sqlForPartialUpdate","decl":{"start":{"line":18,"column":9},"end":{"line":18,"column":28}},"loc":{"start":{"line":18,"column":52},"end":{"line":31,"column":1}},"line":18},"1":{"name":"(anonymous_1)","decl":{"start":{"line":23,"column":24},"end":{"line":23,"column":25}},"loc":{"start":{"line":24,"column":6},"end":{"line":24,"column":52}},"line":24}},"branchMap":{"0":{"loc":{"start":{"line":20,"column":2},"end":{"line":20,"column":62}},"type":"if","locations":[{"start":{"line":20,"column":2},"end":{"line":20,"column":62}},{"start":{},"end":{}}],"line":20},"1":{"loc":{"start":{"line":24,"column":10},"end":{"line":24,"column":37}},"type":"binary-expr","locations":[{"start":{"line":24,"column":10},"end":{"line":24,"column":26}},{"start":{"line":24,"column":30},"end":{"line":24,"column":37}}],"line":24}},"s":{"0":4,"1":12,"2":12,"3":3,"4":9,"5":22,"6":9,"7":4},"f":{"0":12,"1":22},"b":{"0":[3,9],"1":[22,10]},"_coverageSchema":"1a1c01bbd47fc00a2c39e90264f33305004495a9","hash":"77d5e2220fc25716bb61cf5310d8bc534166b718"}
,"/Users/keegannunes/Documents/express-jobly/helpers/tokens.js": {"path":"/Users/keegannunes/Documents/express-jobly/helpers/tokens.js","statementMap":{"0":{"start":{"line":1,"column":12},"end":{"line":1,"column":35}},"1":{"start":{"line":2,"column":23},"end":{"line":2,"column":43}},"2":{"start":{"line":7,"column":2},"end":{"line":8,"column":58}},"3":{"start":{"line":10,"column":16},"end":{"line":13,"column":3}},"4":{"start":{"line":15,"column":2},"end":{"line":15,"column":39}},"5":{"start":{"line":18,"column":0},"end":{"line":18,"column":33}}},"fnMap":{"0":{"name":"createToken","decl":{"start":{"line":6,"column":9},"end":{"line":6,"column":20}},"loc":{"start":{"line":6,"column":27},"end":{"line":16,"column":1}},"line":6}},"branchMap":{"0":{"loc":{"start":{"line":12,"column":13},"end":{"line":12,"column":34}},"type":"binary-expr","locations":[{"start":{"line":12,"column":13},"end":{"line":12,"column":25}},{"start":{"line":12,"column":29},"end":{"line":12,"column":34}}],"line":12}},"s":{"0":1,"1":1,"2":3,"3":3,"4":3,"5":1},"f":{"0":3},"b":{"0":[3,2]},"_coverageSchema":"1a1c01bbd47fc00a2c39e90264f33305004495a9","hash":"ab996342bdf8e9d478e569f707eff948092d3643"}
,"/Users/keegannunes/Documents/express-jobly/middleware/auth.js": {"path":"/Users/keegannunes/Documents/express-jobly/middleware/auth.js","statementMap":{"0":{"start":{"line":5,"column":12},"end":{"line":5,"column":35}},"1":{"start":{"line":6,"column":23},"end":{"line":6,"column":43}},"2":{"start":{"line":7,"column":30},"end":{"line":7,"column":56}},"3":{"start":{"line":19,"column":2},"end":{"line":28,"column":3}},"4":{"start":{"line":20,"column":23},"end":{"line":20,"column":63}},"5":{"start":{"line":21,"column":4},"end":{"line":24,"column":5}},"6":{"start":{"line":22,"column":20},"end":{"line":22,"column":64}},"7":{"start":{"line":23,"column":6},"end":{"line":23,"column":54}},"8":{"start":{"line":25,"column":4},"end":{"line":25,"column":18}},"9":{"start":{"line":27,"column":4},"end":{"line":27,"column":18}},"10":{"start":{"line":37,"column":2},"end":{"line":42,"column":3}},"11":{"start":{"line":38,"column":4},"end":{"line":38,"column":56}},"12":{"start":{"line":38,"column":26},"end":{"line":38,"column":56}},"13":{"start":{"line":39,"column":4},"end":{"line":39,"column":18}},"14":{"start":{"line":41,"column":4},"end":{"line":41,"column":21}},"15":{"start":{"line":50,"column":2},"end":{"line":52,"column":3}},"16":{"start":{"line":51,"column":4},"end":{"line":51,"column":58}},"17":{"start":{"line":53,"column":2},"end":{"line":53,"column":16}},"18":{"start":{"line":63,"column":2},"end":{"line":71,"column":3}},"19":{"start":{"line":64,"column":17},"end":{"line":64,"column":32}},"20":{"start":{"line":65,"column":4},"end":{"line":67,"column":5}},"21":{"start":{"line":66,"column":6},"end":{"line":66,"column":36}},"22":{"start":{"line":68,"column":4},"end":{"line":68,"column":18}},"23":{"start":{"line":70,"column":4},"end":{"line":70,"column":21}},"24":{"start":{"line":75,"column":0},"end":{"line":80,"column":2}}},"fnMap":{"0":{"name":"authenticateJWT","decl":{"start":{"line":18,"column":9},"end":{"line":18,"column":24}},"loc":{"start":{"line":18,"column":41},"end":{"line":29,"column":1}},"line":18},"1":{"name":"ensureLoggedIn","decl":{"start":{"line":36,"column":9},"end":{"line":36,"column":23}},"loc":{"start":{"line":36,"column":40},"end":{"line":43,"column":1}},"line":36},"2":{"name":"ensureAdmin","decl":{"start":{"line":49,"column":9},"end":{"line":49,"column":20}},"loc":{"start":{"line":49,"column":37},"end":{"line":54,"column":1}},"line":49},"3":{"name":"ensureCorrectUserOrAdmin","decl":{"start":{"line":62,"column":9},"end":{"line":62,"column":33}},"loc":{"start":{"line":62,"column":50},"end":{"line":72,"column":1}},"line":62}},"branchMap":{"0":{"loc":{"start":{"line":20,"column":23},"end":{"line":20,"column":63}},"type":"binary-expr","locations":[{"start":{"line":20,"column":23},"end":{"line":20,"column":34}},{"start":{"line":20,"column":38},"end":{"line":20,"column":63}}],"line":20},"1":{"loc":{"start":{"line":21,"column":4},"end":{"line":24,"column":5}},"type":"if","locations":[{"start":{"line":21,"column":4},"end":{"line":24,"column":5}},{"start":{},"end":{}}],"line":21},"2":{"loc":{"start":{"line":38,"column":4},"end":{"line":38,"column":56}},"type":"if","locations":[{"start":{"line":38,"column":4},"end":{"line":38,"column":56}},{"start":{},"end":{}}],"line":38},"3":{"loc":{"start":{"line":50,"column":2},"end":{"line":52,"column":3}},"type":"if","locations":[{"start":{"line":50,"column":2},"end":{"line":52,"column":3}},{"start":{},"end":{}}],"line":50},"4":{"loc":{"start":{"line":50,"column":6},"end":{"line":50,"column":37}},"type":"binary-expr","locations":[{"start":{"line":50,"column":6},"end":{"line":50,"column":15}},{"start":{"line":50,"column":19},"end":{"line":50,"column":37}}],"line":50},"5":{"loc":{"start":{"line":65,"column":4},"end":{"line":67,"column":5}},"type":"if","locations":[{"start":{"line":65,"column":4},"end":{"line":67,"column":5}},{"start":{},"end":{}}],"line":65},"6":{"loc":{"start":{"line":65,"column":9},"end":{"line":65,"column":72}},"type":"binary-expr","locations":[{"start":{"line":65,"column":9},"end":{"line":65,"column":13}},{"start":{"line":65,"column":18},"end":{"line":65,"column":30}},{"start":{"line":65,"column":34},"end":{"line":65,"column":71}}],"line":65}},"s":{"0":1,"1":1,"2":1,"3":3,"4":3,"5":3,"6":2,"7":2,"8":2,"9":1,"10":2,"11":2,"12":1,"13":1,"14":1,"15":0,"16":0,"17":0,"18":0,"19":0,"20":0,"21":0,"22":0,"23":0,"24":1},"f":{"0":3,"1":2,"2":0,"3":0},"b":{"0":[3,2],"1":[2,1],"2":[1,1],"3":[0,0],"4":[0,0],"5":[0,0],"6":[0,0,0]},"_coverageSchema":"1a1c01bbd47fc00a2c39e90264f33305004495a9","hash":"9017874e734d112c312fc4a9db4950c0cc69ef13"}
,"/Users/keegannunes/Documents/express-jobly/models/_testCommon.js": {"path":"/Users/keegannunes/Documents/express-jobly/models/_testCommon.js","statementMap":{"0":{"start":{"line":1,"column":15},"end":{"line":1,"column":32}},"1":{"start":{"line":3,"column":11},"end":{"line":3,"column":30}},"2":{"start":{"line":4,"column":31},"end":{"line":4,"column":51}},"3":{"start":{"line":8,"column":2},"end":{"line":8,"column":42}},"4":{"start":{"line":10,"column":2},"end":{"line":10,"column":38}},"5":{"start":{"line":12,"column":2},"end":{"line":16,"column":55}},"6":{"start":{"line":18,"column":2},"end":{"line":30,"column":9}},"7":{"start":{"line":34,"column":2},"end":{"line":34,"column":26}},"8":{"start":{"line":38,"column":2},"end":{"line":38,"column":29}},"9":{"start":{"line":42,"column":2},"end":{"line":42,"column":17}},"10":{"start":{"line":46,"column":0},"end":{"line":51,"column":2}}},"fnMap":{"0":{"name":"commonBeforeAll","decl":{"start":{"line":6,"column":15},"end":{"line":6,"column":30}},"loc":{"start":{"line":6,"column":33},"end":{"line":31,"column":1}},"line":6},"1":{"name":"commonBeforeEach","decl":{"start":{"line":33,"column":15},"end":{"line":33,"column":31}},"loc":{"start":{"line":33,"column":34},"end":{"line":35,"column":1}},"line":33},"2":{"name":"commonAfterEach","decl":{"start":{"line":37,"column":15},"end":{"line":37,"column":30}},"loc":{"start":{"line":37,"column":33},"end":{"line":39,"column":1}},"line":37},"3":{"name":"commonAfterAll","decl":{"start":{"line":41,"column":15},"end":{"line":41,"column":29}},"loc":{"start":{"line":41,"column":32},"end":{"line":43,"column":1}},"line":41}},"branchMap":{},"s":{"0":3,"1":3,"2":3,"3":3,"4":3,"5":3,"6":3,"7":45,"8":45,"9":3,"10":3},"f":{"0":3,"1":45,"2":45,"3":3},"b":{},"_coverageSchema":"1a1c01bbd47fc00a2c39e90264f33305004495a9","hash":"ca662e6d339fe9c2bf87e4cb9b95dae2d761572c"}
,"/Users/keegannunes/Documents/express-jobly/models/company.js": {"path":"/Users/keegannunes/Documents/express-jobly/models/company.js","statementMap":{"0":{"start":{"line":3,"column":11},"end":{"line":3,"column":27}},"1":{"start":{"line":4,"column":43},"end":{"line":4,"column":69}},"2":{"start":{"line":5,"column":32},"end":{"line":5,"column":57}},"3":{"start":{"line":20,"column":27},"end":{"line":24,"column":17}},"4":{"start":{"line":26,"column":4},"end":{"line":27,"column":64}},"5":{"start":{"line":27,"column":6},"end":{"line":27,"column":64}},"6":{"start":{"line":29,"column":19},"end":{"line":41,"column":5}},"7":{"start":{"line":42,"column":20},"end":{"line":42,"column":34}},"8":{"start":{"line":44,"column":4},"end":{"line":44,"column":19}},"9":{"start":{"line":58,"column":49},"end":{"line":58,"column":62}},"10":{"start":{"line":60,"column":16},"end":{"line":65,"column":32}},"11":{"start":{"line":67,"column":27},"end":{"line":67,"column":29}},"12":{"start":{"line":68,"column":22},"end":{"line":68,"column":24}},"13":{"start":{"line":70,"column":4},"end":{"line":73,"column":5}},"14":{"start":{"line":71,"column":6},"end":{"line":71,"column":36}},"15":{"start":{"line":72,"column":6},"end":{"line":72,"column":65}},"16":{"start":{"line":75,"column":4},"end":{"line":78,"column":5}},"17":{"start":{"line":76,"column":6},"end":{"line":76,"column":37}},"18":{"start":{"line":77,"column":6},"end":{"line":77,"column":71}},"19":{"start":{"line":80,"column":4},"end":{"line":83,"column":5}},"20":{"start":{"line":81,"column":6},"end":{"line":81,"column":37}},"21":{"start":{"line":82,"column":6},"end":{"line":82,"column":71}},"22":{"start":{"line":85,"column":4},"end":{"line":87,"column":5}},"23":{"start":{"line":86,"column":6},"end":{"line":86,"column":58}},"24":{"start":{"line":89,"column":4},"end":{"line":89,"column":30}},"25":{"start":{"line":90,"column":25},"end":{"line":90,"column":59}},"26":{"start":{"line":91,"column":4},"end":{"line":91,"column":29}},"27":{"start":{"line":104,"column":23},"end":{"line":112,"column":17}},"28":{"start":{"line":114,"column":20},"end":{"line":114,"column":38}},"29":{"start":{"line":116,"column":4},"end":{"line":116,"column":67}},"30":{"start":{"line":116,"column":18},"end":{"line":116,"column":67}},"31":{"start":{"line":118,"column":4},"end":{"line":118,"column":19}},"32":{"start":{"line":134,"column":32},"end":{"line":139,"column":10}},"33":{"start":{"line":140,"column":25},"end":{"line":140,"column":50}},"34":{"start":{"line":142,"column":21},"end":{"line":149,"column":54}},"35":{"start":{"line":150,"column":19},"end":{"line":150,"column":64}},"36":{"start":{"line":151,"column":20},"end":{"line":151,"column":34}},"37":{"start":{"line":153,"column":4},"end":{"line":153,"column":67}},"38":{"start":{"line":153,"column":18},"end":{"line":153,"column":67}},"39":{"start":{"line":155,"column":4},"end":{"line":155,"column":19}},"40":{"start":{"line":164,"column":19},"end":{"line":169,"column":17}},"41":{"start":{"line":170,"column":20},"end":{"line":170,"column":34}},"42":{"start":{"line":172,"column":4},"end":{"line":172,"column":67}},"43":{"start":{"line":172,"column":18},"end":{"line":172,"column":67}},"44":{"start":{"line":177,"column":0},"end":{"line":177,"column":25}}},"fnMap":{"0":{"name":"(anonymous_0)","decl":{"start":{"line":19,"column":2},"end":{"line":19,"column":3}},"loc":{"start":{"line":19,"column":76},"end":{"line":45,"column":3}},"line":19},"1":{"name":"(anonymous_1)","decl":{"start":{"line":57,"column":2},"end":{"line":57,"column":3}},"loc":{"start":{"line":57,"column":43},"end":{"line":92,"column":3}},"line":57},"2":{"name":"(anonymous_2)","decl":{"start":{"line":103,"column":2},"end":{"line":103,"column":3}},"loc":{"start":{"line":103,"column":27},"end":{"line":119,"column":3}},"line":103},"3":{"name":"(anonymous_3)","decl":{"start":{"line":133,"column":2},"end":{"line":133,"column":3}},"loc":{"start":{"line":133,"column":36},"end":{"line":156,"column":3}},"line":133},"4":{"name":"(anonymous_4)","decl":{"start":{"line":163,"column":2},"end":{"line":163,"column":3}},"loc":{"start":{"line":163,"column":30},"end":{"line":173,"column":3}},"line":163}},"branchMap":{"0":{"loc":{"start":{"line":26,"column":4},"end":{"line":27,"column":64}},"type":"if","locations":[{"start":{"line":26,"column":4},"end":{"line":27,"column":64}},{"start":{},"end":{}}],"line":26},"1":{"loc":{"start":{"line":57,"column":23},"end":{"line":57,"column":41}},"type":"default-arg","locations":[{"start":{"line":57,"column":39},"end":{"line":57,"column":41}}],"line":57},"2":{"loc":{"start":{"line":70,"column":4},"end":{"line":73,"column":5}},"type":"if","locations":[{"start":{"line":70,"column":4},"end":{"line":73,"column":5}},{"start":{},"end":{}}],"line":70},"3":{"loc":{"start":{"line":75,"column":4},"end":{"line":78,"column":5}},"type":"if","locations":[{"start":{"line":75,"column":4},"end":{"line":78,"column":5}},{"start":{},"end":{}}],"line":75},"4":{"loc":{"start":{"line":80,"column":4},"end":{"line":83,"column":5}},"type":"if","locations":[{"start":{"line":80,"column":4},"end":{"line":83,"column":5}},{"start":{},"end":{}}],"line":80},"5":{"loc":{"start":{"line":85,"column":4},"end":{"line":87,"column":5}},"type":"if","locations":[{"start":{"line":85,"column":4},"end":{"line":87,"column":5}},{"start":{},"end":{}}],"line":85},"6":{"loc":{"start":{"line":116,"column":4},"end":{"line":116,"column":67}},"type":"if","locations":[{"start":{"line":116,"column":4},"end":{"line":116,"column":67}},{"start":{},"end":{}}],"line":116},"7":{"loc":{"start":{"line":153,"column":4},"end":{"line":153,"column":67}},"type":"if","locations":[{"start":{"line":153,"column":4},"end":{"line":153,"column":67}},{"start":{},"end":{}}],"line":153},"8":{"loc":{"start":{"line":172,"column":4},"end":{"line":172,"column":67}},"type":"if","locations":[{"start":{"line":172,"column":4},"end":{"line":172,"column":67}},{"start":{},"end":{}}],"line":172}},"s":{"0":1,"1":1,"2":1,"3":3,"4":3,"5":1,"6":2,"7":2,"8":2,"9":7,"10":7,"11":7,"12":7,"13":7,"14":2,"15":2,"16":7,"17":3,"18":3,"19":7,"20":3,"21":3,"22":7,"23":6,"24":7,"25":7,"26":7,"27":2,"28":2,"29":2,"30":1,"31":1,"32":4,"33":3,"34":3,"35":3,"36":3,"37":3,"38":1,"39":2,"40":2,"41":2,"42":2,"43":1,"44":1},"f":{"0":3,"1":7,"2":2,"3":4,"4":2},"b":{"0":[1,2],"1":[1],"2":[2,5],"3":[3,4],"4":[3,4],"5":[6,1],"6":[1,1],"7":[1,2],"8":[1,1]},"_coverageSchema":"1a1c01bbd47fc00a2c39e90264f33305004495a9","hash":"057443bd0474ab42a6538cd20a8b17363a08cc85"}
,"/Users/keegannunes/Documents/express-jobly/models/job.js": {"path":"/Users/keegannunes/Documents/express-jobly/models/job.js","statementMap":{"0":{"start":{"line":3,"column":11},"end":{"line":3,"column":27}},"1":{"start":{"line":4,"column":25},"end":{"line":4,"column":51}},"2":{"start":{"line":5,"column":32},"end":{"line":5,"column":57}},"3":{"start":{"line":19,"column":19},"end":{"line":31,"column":10}},"4":{"start":{"line":32,"column":14},"end":{"line":32,"column":28}},"5":{"start":{"line":34,"column":4},"end":{"line":34,"column":15}},"6":{"start":{"line":48,"column":16},"end":{"line":55,"column":75}},"7":{"start":{"line":56,"column":27},"end":{"line":56,"column":29}},"8":{"start":{"line":57,"column":22},"end":{"line":57,"column":24}},"9":{"start":{"line":62,"column":4},"end":{"line":65,"column":5}},"10":{"start":{"line":63,"column":6},"end":{"line":63,"column":34}},"11":{"start":{"line":64,"column":6},"end":{"line":64,"column":64}},"12":{"start":{"line":67,"column":4},"end":{"line":69,"column":5}},"13":{"start":{"line":68,"column":6},"end":{"line":68,"column":42}},"14":{"start":{"line":71,"column":4},"end":{"line":74,"column":5}},"15":{"start":{"line":72,"column":6},"end":{"line":72,"column":37}},"16":{"start":{"line":73,"column":6},"end":{"line":73,"column":66}},"17":{"start":{"line":76,"column":4},"end":{"line":78,"column":5}},"18":{"start":{"line":77,"column":6},"end":{"line":77,"column":58}},"19":{"start":{"line":82,"column":4},"end":{"line":82,"column":31}},"20":{"start":{"line":83,"column":20},"end":{"line":83,"column":54}},"21":{"start":{"line":84,"column":4},"end":{"line":84,"column":24}},"22":{"start":{"line":96,"column":19},"end":{"line":103,"column":32}},"23":{"start":{"line":105,"column":16},"end":{"line":105,"column":30}},"24":{"start":{"line":107,"column":4},"end":{"line":107,"column":55}},"25":{"start":{"line":107,"column":14},"end":{"line":107,"column":55}},"26":{"start":{"line":109,"column":25},"end":{"line":116,"column":51}},"27":{"start":{"line":118,"column":4},"end":{"line":118,"column":29}},"28":{"start":{"line":119,"column":4},"end":{"line":119,"column":39}},"29":{"start":{"line":121,"column":4},"end":{"line":121,"column":15}},"30":{"start":{"line":137,"column":32},"end":{"line":139,"column":11}},"31":{"start":{"line":140,"column":21},"end":{"line":140,"column":46}},"32":{"start":{"line":142,"column":21},"end":{"line":149,"column":66}},"33":{"start":{"line":150,"column":19},"end":{"line":150,"column":60}},"34":{"start":{"line":151,"column":16},"end":{"line":151,"column":30}},"35":{"start":{"line":153,"column":4},"end":{"line":153,"column":55}},"36":{"start":{"line":153,"column":14},"end":{"line":153,"column":55}},"37":{"start":{"line":155,"column":4},"end":{"line":155,"column":15}},"38":{"start":{"line":164,"column":19},"end":{"line":168,"column":31}},"39":{"start":{"line":169,"column":16},"end":{"line":169,"column":30}},"40":{"start":{"line":171,"column":4},"end":{"line":171,"column":55}},"41":{"start":{"line":171,"column":14},"end":{"line":171,"column":55}},"42":{"start":{"line":175,"column":0},"end":{"line":175,"column":21}}},"fnMap":{"0":{"name":"(anonymous_0)","decl":{"start":{"line":18,"column":2},"end":{"line":18,"column":3}},"loc":{"start":{"line":18,"column":28},"end":{"line":35,"column":3}},"line":18},"1":{"name":"(anonymous_1)","decl":{"start":{"line":47,"column":2},"end":{"line":47,"column":3}},"loc":{"start":{"line":47,"column":61},"end":{"line":85,"column":3}},"line":47},"2":{"name":"(anonymous_2)","decl":{"start":{"line":95,"column":2},"end":{"line":95,"column":3}},"loc":{"start":{"line":95,"column":23},"end":{"line":122,"column":3}},"line":95},"3":{"name":"(anonymous_3)","decl":{"start":{"line":136,"column":2},"end":{"line":136,"column":3}},"loc":{"start":{"line":136,"column":32},"end":{"line":156,"column":3}},"line":136},"4":{"name":"(anonymous_4)","decl":{"start":{"line":163,"column":2},"end":{"line":163,"column":3}},"loc":{"start":{"line":163,"column":26},"end":{"line":172,"column":3}},"line":163}},"branchMap":{"0":{"loc":{"start":{"line":47,"column":23},"end":{"line":47,"column":59}},"type":"default-arg","locations":[{"start":{"line":47,"column":57},"end":{"line":47,"column":59}}],"line":47},"1":{"loc":{"start":{"line":62,"column":4},"end":{"line":65,"column":5}},"type":"if","locations":[{"start":{"line":62,"column":4},"end":{"line":65,"column":5}},{"start":{},"end":{}}],"line":62},"2":{"loc":{"start":{"line":67,"column":4},"end":{"line":69,"column":5}},"type":"if","locations":[{"start":{"line":67,"column":4},"end":{"line":69,"column":5}},{"start":{},"end":{}}],"line":67},"3":{"loc":{"start":{"line":71,"column":4},"end":{"line":74,"column":5}},"type":"if","locations":[{"start":{"line":71,"column":4},"end":{"line":74,"column":5}},{"start":{},"end":{}}],"line":71},"4":{"loc":{"start":{"line":76,"column":4},"end":{"line":78,"column":5}},"type":"if","locations":[{"start":{"line":76,"column":4},"end":{"line":78,"column":5}},{"start":{},"end":{}}],"line":76},"5":{"loc":{"start":{"line":107,"column":4},"end":{"line":107,"column":55}},"type":"if","locations":[{"start":{"line":107,"column":4},"end":{"line":107,"column":55}},{"start":{},"end":{}}],"line":107},"6":{"loc":{"start":{"line":153,"column":4},"end":{"line":153,"column":55}},"type":"if","locations":[{"start":{"line":153,"column":4},"end":{"line":153,"column":55}},{"start":{},"end":{}}],"line":153},"7":{"loc":{"start":{"line":171,"column":4},"end":{"line":171,"column":55}},"type":"if","locations":[{"start":{"line":171,"column":4},"end":{"line":171,"column":55}},{"start":{},"end":{}}],"line":171}},"s":{"0":1,"1":1,"2":1,"3":1,"4":1,"5":1,"6":5,"7":5,"8":5,"9":5,"10":2,"11":2,"12":5,"13":2,"14":5,"15":1,"16":1,"17":5,"18":4,"19":5,"20":5,"21":5,"22":1,"23":1,"24":1,"25":1,"26":0,"27":0,"28":0,"29":0,"30":1,"31":1,"32":1,"33":1,"34":1,"35":1,"36":1,"37":0,"38":1,"39":1,"40":1,"41":1,"42":1},"f":{"0":1,"1":5,"2":1,"3":1,"4":1},"b":{"0":[1],"1":[2,3],"2":[2,3],"3":[1,4],"4":[4,1],"5":[1,0],"6":[1,0],"7":[1,0]},"_coverageSchema":"1a1c01bbd47fc00a2c39e90264f33305004495a9","hash":"9b56f32b85faf3da4d5a15941dfd5d2a91f3853d"}
,"/Users/keegannunes/Documents/express-jobly/models/user.js": {"path":"/Users/keegannunes/Documents/express-jobly/models/user.js","statementMap":{"0":{"start":{"line":3,"column":11},"end":{"line":3,"column":27}},"1":{"start":{"line":4,"column":15},"end":{"line":4,"column":32}},"2":{"start":{"line":5,"column":32},"end":{"line":5,"column":57}},"3":{"start":{"line":10,"column":4},"end":{"line":10,"column":30}},"4":{"start":{"line":12,"column":31},"end":{"line":12,"column":54}},"5":{"start":{"line":26,"column":19},"end":{"line":36,"column":5}},"6":{"start":{"line":38,"column":17},"end":{"line":38,"column":31}},"7":{"start":{"line":40,"column":4},"end":{"line":47,"column":5}},"8":{"start":{"line":42,"column":22},"end":{"line":42,"column":67}},"9":{"start":{"line":43,"column":6},"end":{"line":46,"column":7}},"10":{"start":{"line":44,"column":8},"end":{"line":44,"column":29}},"11":{"start":{"line":45,"column":8},"end":{"line":45,"column":20}},"12":{"start":{"line":49,"column":4},"end":{"line":49,"column":61}},"13":{"start":{"line":61,"column":27},"end":{"line":66,"column":5}},"14":{"start":{"line":68,"column":4},"end":{"line":70,"column":5}},"15":{"start":{"line":69,"column":6},"end":{"line":69,"column":67}},"16":{"start":{"line":72,"column":27},"end":{"line":72,"column":74}},"17":{"start":{"line":74,"column":19},"end":{"line":92,"column":5}},"18":{"start":{"line":94,"column":17},"end":{"line":94,"column":31}},"19":{"start":{"line":96,"column":4},"end":{"line":96,"column":16}},"20":{"start":{"line":105,"column":19},"end":{"line":113,"column":5}},"21":{"start":{"line":115,"column":4},"end":{"line":115,"column":23}},"22":{"start":{"line":127,"column":20},"end":{"line":136,"column":5}},"23":{"start":{"line":138,"column":17},"end":{"line":138,"column":32}},"24":{"start":{"line":140,"column":4},"end":{"line":140,"column":63}},"25":{"start":{"line":140,"column":15},"end":{"line":140,"column":63}},"26":{"start":{"line":142,"column":32},"end":{"line":145,"column":42}},"27":{"start":{"line":147,"column":4},"end":{"line":147,"column":68}},"28":{"start":{"line":147,"column":58},"end":{"line":147,"column":66}},"29":{"start":{"line":149,"column":4},"end":{"line":149,"column":16}},"30":{"start":{"line":170,"column":4},"end":{"line":172,"column":5}},"31":{"start":{"line":171,"column":6},"end":{"line":171,"column":75}},"32":{"start":{"line":174,"column":32},"end":{"line":180,"column":10}},"33":{"start":{"line":181,"column":27},"end":{"line":181,"column":52}},"34":{"start":{"line":183,"column":21},"end":{"line":190,"column":54}},"35":{"start":{"line":191,"column":19},"end":{"line":191,"column":66}},"36":{"start":{"line":192,"column":17},"end":{"line":192,"column":31}},"37":{"start":{"line":194,"column":4},"end":{"line":194,"column":63}},"38":{"start":{"line":194,"column":15},"end":{"line":194,"column":63}},"39":{"start":{"line":196,"column":4},"end":{"line":196,"column":25}},"40":{"start":{"line":197,"column":4},"end":{"line":197,"column":16}},"41":{"start":{"line":203,"column":17},"end":{"line":209,"column":5}},"42":{"start":{"line":210,"column":17},"end":{"line":210,"column":31}},"43":{"start":{"line":212,"column":4},"end":{"line":212,"column":63}},"44":{"start":{"line":212,"column":15},"end":{"line":212,"column":63}},"45":{"start":{"line":216,"column":21},"end":{"line":219,"column":35}},"46":{"start":{"line":220,"column":16},"end":{"line":220,"column":32}},"47":{"start":{"line":222,"column":4},"end":{"line":222,"column":58}},"48":{"start":{"line":222,"column":14},"end":{"line":222,"column":58}},"49":{"start":{"line":224,"column":22},"end":{"line":227,"column":44}},"50":{"start":{"line":228,"column":17},"end":{"line":228,"column":34}},"51":{"start":{"line":230,"column":4},"end":{"line":230,"column":67}},"52":{"start":{"line":230,"column":15},"end":{"line":230,"column":67}},"53":{"start":{"line":232,"column":4},"end":{"line":235,"column":27}},"54":{"start":{"line":240,"column":0},"end":{"line":240,"column":22}}},"fnMap":{"0":{"name":"(anonymous_0)","decl":{"start":{"line":24,"column":2},"end":{"line":24,"column":3}},"loc":{"start":{"line":24,"column":48},"end":{"line":50,"column":3}},"line":24},"1":{"name":"(anonymous_1)","decl":{"start":{"line":59,"column":2},"end":{"line":59,"column":3}},"loc":{"start":{"line":60,"column":67},"end":{"line":97,"column":3}},"line":60},"2":{"name":"(anonymous_2)","decl":{"start":{"line":104,"column":2},"end":{"line":104,"column":3}},"loc":{"start":{"line":104,"column":25},"end":{"line":116,"column":3}},"line":104},"3":{"name":"(anonymous_3)","decl":{"start":{"line":126,"column":2},"end":{"line":126,"column":3}},"loc":{"start":{"line":126,"column":29},"end":{"line":150,"column":3}},"line":126},"4":{"name":"(anonymous_4)","decl":{"start":{"line":147,"column":53},"end":{"line":147,"column":54}},"loc":{"start":{"line":147,"column":58},"end":{"line":147,"column":66}},"line":147},"5":{"name":"(anonymous_5)","decl":{"start":{"line":169,"column":2},"end":{"line":169,"column":3}},"loc":{"start":{"line":169,"column":38},"end":{"line":198,"column":3}},"line":169},"6":{"name":"(anonymous_6)","decl":{"start":{"line":202,"column":2},"end":{"line":202,"column":3}},"loc":{"start":{"line":202,"column":32},"end":{"line":213,"column":3}},"line":202},"7":{"name":"(anonymous_7)","decl":{"start":{"line":215,"column":2},"end":{"line":215,"column":3}},"loc":{"start":{"line":215,"column":43},"end":{"line":236,"column":3}},"line":215}},"branchMap":{"0":{"loc":{"start":{"line":40,"column":4},"end":{"line":47,"column":5}},"type":"if","locations":[{"start":{"line":40,"column":4},"end":{"line":47,"column":5}},{"start":{},"end":{}}],"line":40},"1":{"loc":{"start":{"line":43,"column":6},"end":{"line":46,"column":7}},"type":"if","locations":[{"start":{"line":43,"column":6},"end":{"line":46,"column":7}},{"start":{},"end":{}}],"line":43},"2":{"loc":{"start":{"line":68,"column":4},"end":{"line":70,"column":5}},"type":"if","locations":[{"start":{"line":68,"column":4},"end":{"line":70,"column":5}},{"start":{},"end":{}}],"line":68},"3":{"loc":{"start":{"line":140,"column":4},"end":{"line":140,"column":63}},"type":"if","locations":[{"start":{"line":140,"column":4},"end":{"line":140,"column":63}},{"start":{},"end":{}}],"line":140},"4":{"loc":{"start":{"line":170,"column":4},"end":{"line":172,"column":5}},"type":"if","locations":[{"start":{"line":170,"column":4},"end":{"line":172,"column":5}},{"start":{},"end":{}}],"line":170},"5":{"loc":{"start":{"line":194,"column":4},"end":{"line":194,"column":63}},"type":"if","locations":[{"start":{"line":194,"column":4},"end":{"line":194,"column":63}},{"start":{},"end":{}}],"line":194},"6":{"loc":{"start":{"line":212,"column":4},"end":{"line":212,"column":63}},"type":"if","locations":[{"start":{"line":212,"column":4},"end":{"line":212,"column":63}},{"start":{},"end":{}}],"line":212},"7":{"loc":{"start":{"line":222,"column":4},"end":{"line":222,"column":58}},"type":"if","locations":[{"start":{"line":222,"column":4},"end":{"line":222,"column":58}},{"start":{},"end":{}}],"line":222},"8":{"loc":{"start":{"line":230,"column":4},"end":{"line":230,"column":67}},"type":"if","locations":[{"start":{"line":230,"column":4},"end":{"line":230,"column":67}},{"start":{},"end":{}}],"line":230}},"s":{"0":1,"1":1,"2":1,"3":1,"4":1,"5":3,"6":3,"7":3,"8":1,"9":1,"10":1,"11":1,"12":2,"13":4,"14":4,"15":1,"16":3,"17":3,"18":3,"19":3,"20":1,"21":1,"22":2,"23":2,"24":2,"25":1,"26":1,"27":1,"28":0,"29":1,"30":4,"31":1,"32":4,"33":3,"34":3,"35":3,"36":3,"37":3,"38":1,"39":2,"40":2,"41":2,"42":2,"43":2,"44":1,"45":0,"46":0,"47":0,"48":0,"49":0,"50":0,"51":0,"52":0,"53":0,"54":1},"f":{"0":3,"1":4,"2":1,"3":2,"4":0,"5":4,"6":2,"7":0},"b":{"0":[1,2],"1":[1,0],"2":[1,3],"3":[1,1],"4":[1,3],"5":[1,2],"6":[1,1],"7":[0,0],"8":[0,0]},"_coverageSchema":"1a1c01bbd47fc00a2c39e90264f33305004495a9","hash":"03df5965ec5381ee0cf9878a39f9185e8dfbf4e9"}
}
