TN:
SF:config.js
FN:13,getDatabaseUri
FNF:1
FNH:1
FNDA:11,getDatabaseUri
DA:5,6
DA:6,6
DA:8,6
DA:10,6
DA:14,11
DA:27,6
DA:29,6
DA:30,6
DA:31,6
DA:32,6
DA:33,6
DA:34,6
DA:36,6
LF:13
LH:13
BRDA:8,0,0,6
BRDA:8,0,1,5
BRDA:10,1,0,6
BRDA:10,1,1,5
BRDA:14,2,0,8
BRDA:14,2,1,3
BRDA:16,3,0,3
BRDA:16,3,1,1
BRDA:27,4,0,5
BRDA:27,4,1,1
BRF:10
BRH:10
end_of_record
TN:
SF:db.js
FNF:0
FNH:0
DA:3,3
DA:4,3
DA:8,3
DA:9,0
DA:16,3
DA:21,3
DA:23,3
LF:7
LH:6
BRDA:8,0,0,0
BRDA:8,0,1,3
BRF:2
BRH:1
end_of_record
TN:
SF:expressError.js
FN:8,(anonymous_0)
FN:18,(anonymous_1)
FN:26,(anonymous_2)
FN:34,(anonymous_3)
FN:42,(anonymous_4)
FNF:5
FNH:4
FNDA:17,(anonymous_0)
FNDA:9,(anonymous_1)
FNDA:3,(anonymous_2)
FNDA:5,(anonymous_3)
FNDA:0,(anonymous_4)
DA:9,17
DA:10,17
DA:11,17
DA:19,9
DA:27,3
DA:35,5
DA:43,0
DA:47,5
LF:8
LH:7
BRDA:18,0,0,0
BRDA:26,1,0,1
BRDA:34,2,0,0
BRDA:42,3,0,0
BRF:4
BRH:1
end_of_record
TN:
SF:helpers/sql.js
FN:18,sqlForPartialUpdate
FN:23,(anonymous_1)
FNF:2
FNH:2
FNDA:12,sqlForPartialUpdate
FNDA:22,(anonymous_1)
DA:1,4
DA:19,12
DA:20,12
DA:23,9
DA:24,22
DA:27,9
DA:33,4
LF:7
LH:7
BRDA:20,0,0,3
BRDA:20,0,1,9
BRDA:24,1,0,22
BRDA:24,1,1,10
BRF:4
BRH:4
end_of_record
TN:
SF:helpers/tokens.js
FN:6,createToken
FNF:1
FNH:1
FNDA:3,createToken
DA:1,1
DA:2,1
DA:7,3
DA:10,3
DA:15,3
DA:18,1
LF:6
LH:6
BRDA:12,0,0,3
BRDA:12,0,1,2
BRF:2
BRH:2
end_of_record
TN:
SF:middleware/auth.js
FN:18,authenticateJWT
FN:36,ensureLoggedIn
FN:49,ensureAdmin
FN:62,ensureCorrectUserOrAdmin
FNF:4
FNH:2
FNDA:3,authenticateJWT
FNDA:2,ensureLoggedIn
FNDA:0,ensureAdmin
FNDA:0,ensureCorrectUserOrAdmin
DA:5,1
DA:6,1
DA:7,1
DA:19,3
DA:20,3
DA:21,3
DA:22,2
DA:23,2
DA:25,2
DA:27,1
DA:37,2
DA:38,2
DA:39,1
DA:41,1
DA:50,0
DA:51,0
DA:53,0
DA:63,0
DA:64,0
DA:65,0
DA:66,0
DA:68,0
DA:70,0
DA:75,1
LF:24
LH:15
BRDA:20,0,0,3
BRDA:20,0,1,2
BRDA:21,1,0,2
BRDA:21,1,1,1
BRDA:38,2,0,1
BRDA:38,2,1,1
BRDA:50,3,0,0
BRDA:50,3,1,0
BRDA:50,4,0,0
BRDA:50,4,1,0
BRDA:65,5,0,0
BRDA:65,5,1,0
BRDA:65,6,0,0
BRDA:65,6,1,0
BRDA:65,6,2,0
BRF:15
BRH:6
end_of_record
TN:
SF:models/_testCommon.js
FN:6,commonBeforeAll
FN:33,commonBeforeEach
FN:37,commonAfterEach
FN:41,commonAfterAll
FNF:4
FNH:4
FNDA:3,commonBeforeAll
FNDA:45,commonBeforeEach
FNDA:45,commonAfterEach
FNDA:3,commonAfterAll
DA:1,3
DA:3,3
DA:4,3
DA:8,3
DA:10,3
DA:12,3
DA:18,3
DA:34,45
DA:38,45
DA:42,3
DA:46,3
LF:11
LH:11
BRF:0
BRH:0
end_of_record
TN:
SF:models/company.js
FN:19,(anonymous_0)
FN:57,(anonymous_1)
FN:103,(anonymous_2)
FN:133,(anonymous_3)
FN:163,(anonymous_4)
FNF:5
FNH:5
FNDA:3,(anonymous_0)
FNDA:7,(anonymous_1)
FNDA:2,(anonymous_2)
FNDA:4,(anonymous_3)
FNDA:2,(anonymous_4)
DA:3,1
DA:4,1
DA:5,1
DA:20,3
DA:26,3
DA:27,1
DA:29,2
DA:42,2
DA:44,2
DA:58,7
DA:60,7
DA:67,7
DA:68,7
DA:70,7
DA:71,2
DA:72,2
DA:75,7
DA:76,3
DA:77,3
DA:80,7
DA:81,3
DA:82,3
DA:85,7
DA:86,6
DA:89,7
DA:90,7
DA:91,7
DA:104,2
DA:114,2
DA:116,2
DA:118,1
DA:134,4
DA:140,3
DA:142,3
DA:150,3
DA:151,3
DA:153,3
DA:155,2
DA:164,2
DA:170,2
DA:172,2
DA:177,1
LF:42
LH:42
BRDA:26,0,0,1
BRDA:26,0,1,2
BRDA:57,1,0,1
BRDA:70,2,0,2
BRDA:70,2,1,5
BRDA:75,3,0,3
BRDA:75,3,1,4
BRDA:80,4,0,3
BRDA:80,4,1,4
BRDA:85,5,0,6
BRDA:85,5,1,1
BRDA:116,6,0,1
BRDA:116,6,1,1
BRDA:153,7,0,1
BRDA:153,7,1,2
BRDA:172,8,0,1
BRDA:172,8,1,1
BRF:17
BRH:17
end_of_record
TN:
SF:models/job.js
FN:18,(anonymous_0)
FN:47,(anonymous_1)
FN:95,(anonymous_2)
FN:136,(anonymous_3)
FN:163,(anonymous_4)
FNF:5
FNH:5
FNDA:1,(anonymous_0)
FNDA:5,(anonymous_1)
FNDA:1,(anonymous_2)
FNDA:1,(anonymous_3)
FNDA:1,(anonymous_4)
DA:3,1
DA:4,1
DA:5,1
DA:19,1
DA:32,1
DA:34,1
DA:48,5
DA:56,5
DA:57,5
DA:62,5
DA:63,2
DA:64,2
DA:67,5
DA:68,2
DA:71,5
DA:72,1
DA:73,1
DA:76,5
DA:77,4
DA:82,5
DA:83,5
DA:84,5
DA:96,1
DA:105,1
DA:107,1
DA:109,0
DA:118,0
DA:119,0
DA:121,0
DA:137,1
DA:140,1
DA:142,1
DA:150,1
DA:151,1
DA:153,1
DA:155,0
DA:164,1
DA:169,1
DA:171,1
DA:175,1
LF:40
LH:35
BRDA:47,0,0,1
BRDA:62,1,0,2
BRDA:62,1,1,3
BRDA:67,2,0,2
BRDA:67,2,1,3
BRDA:71,3,0,1
BRDA:71,3,1,4
BRDA:76,4,0,4
BRDA:76,4,1,1
BRDA:107,5,0,1
BRDA:107,5,1,0
BRDA:153,6,0,1
BRDA:153,6,1,0
BRDA:171,7,0,1
BRDA:171,7,1,0
BRF:15
BRH:12
end_of_record
TN:
SF:models/user.js
FN:24,(anonymous_0)
FN:59,(anonymous_1)
FN:104,(anonymous_2)
FN:126,(anonymous_3)
FN:147,(anonymous_4)
FN:169,(anonymous_5)
FN:202,(anonymous_6)
FN:215,(anonymous_7)
FNF:8
FNH:6
FNDA:3,(anonymous_0)
FNDA:4,(anonymous_1)
FNDA:1,(anonymous_2)
FNDA:2,(anonymous_3)
FNDA:0,(anonymous_4)
FNDA:4,(anonymous_5)
FNDA:2,(anonymous_6)
FNDA:0,(anonymous_7)
DA:3,1
DA:4,1
DA:5,1
DA:10,1
DA:12,1
DA:26,3
DA:38,3
DA:40,3
DA:42,1
DA:43,1
DA:44,1
DA:45,1
DA:49,2
DA:61,4
DA:68,4
DA:69,1
DA:72,3
DA:74,3
DA:94,3
DA:96,3
DA:105,1
DA:115,1
DA:127,2
DA:138,2
DA:140,2
DA:142,1
DA:147,1
DA:149,1
DA:170,4
DA:171,1
DA:174,4
DA:181,3
DA:183,3
DA:191,3
DA:192,3
DA:194,3
DA:196,2
DA:197,2
DA:203,2
DA:210,2
DA:212,2
DA:216,0
DA:220,0
DA:222,0
DA:224,0
DA:228,0
DA:230,0
DA:232,0
DA:240,1
LF:49
LH:42
BRDA:40,0,0,1
BRDA:40,0,1,2
BRDA:43,1,0,1
BRDA:43,1,1,0
BRDA:68,2,0,1
BRDA:68,2,1,3
BRDA:140,3,0,1
BRDA:140,3,1,1
BRDA:170,4,0,1
BRDA:170,4,1,3
BRDA:194,5,0,1
BRDA:194,5,1,2
BRDA:212,6,0,1
BRDA:212,6,1,1
BRDA:222,7,0,0
BRDA:222,7,1,0
BRDA:230,8,0,0
BRDA:230,8,1,0
BRF:18
BRH:13
end_of_record
